{
  "stats": {
    "suites": 1,
    "tests": 20,
    "passes": 7,
    "pending": 0,
    "failures": 13,
    "start": "2024-03-23T22:04:12.966Z",
    "end": "2024-03-23T22:05:17.271Z",
    "duration": 64305,
    "testsRegistered": 20,
    "passPercent": 35,
    "pendingPercent": 0,
    "other": 0,
    "hasOther": false,
    "skipped": 0,
    "hasSkipped": false
  },
  "results": [
    {
      "uuid": "d69e1ab1-b503-4b67-a8ca-291ad2cd6b92",
      "title": "",
      "fullFile": "cypress\\e2e\\spec.cy.js",
      "file": "cypress\\e2e\\spec.cy.js",
      "beforeHooks": [],
      "afterHooks": [],
      "tests": [],
      "suites": [
        {
          "uuid": "ad9c46aa-e48f-4d53-acbd-2406006f8773",
          "title": "StacksInfo Search Feature Tests",
          "fullFile": "",
          "file": "",
          "beforeHooks": [],
          "afterHooks": [],
          "tests": [
            {
              "title": "allows typing in the search bar",
              "fullTitle": "StacksInfo Search Feature Tests allows typing in the search bar",
              "timedOut": null,
              "duration": 1375,
              "state": "passed",
              "speed": "fast",
              "pass": true,
              "fail": false,
              "pending": false,
              "context": null,
              "code": "cy.get('.search-bar').type('Blockchain');\ncy.get('.search-bar').should('have.value', 'Blockchain');",
              "err": {},
              "uuid": "7cf87e55-7932-4a49-8c09-9be5fc4420b8",
              "parentUUID": "ad9c46aa-e48f-4d53-acbd-2406006f8773",
              "isHook": false,
              "skipped": false
            },
            {
              "title": "handles empty searches gracefully",
              "fullTitle": "StacksInfo Search Feature Tests handles empty searches gracefully",
              "timedOut": null,
              "duration": 4978,
              "state": "failed",
              "speed": null,
              "pass": false,
              "fail": true,
              "pending": false,
              "context": null,
              "code": "cy.get('.search-bar').type('{enter}');\n// Assuming .no-results-message is the class for an empty search message\ncy.get('.no-results-message').should('be.visible');",
              "err": {
                "message": "AssertionError: Timed out retrying after 4000ms: Expected to find element: `.no-results-message`, but never found it.",
                "estack": "AssertionError: Timed out retrying after 4000ms: Expected to find element: `.no-results-message`, but never found it.\n    at Context.eval (webpack:///./cypress/e2e/spec.cy.js:137:34)",
                "diff": null
              },
              "uuid": "4483962d-c98b-4581-a8b0-70b7228970f5",
              "parentUUID": "ad9c46aa-e48f-4d53-acbd-2406006f8773",
              "isHook": false,
              "skipped": false
            },
            {
              "title": "verifies pagination controls are present when search results are abundant",
              "fullTitle": "StacksInfo Search Feature Tests verifies pagination controls are present when search results are abundant",
              "timedOut": null,
              "duration": 4509,
              "state": "failed",
              "speed": null,
              "pass": false,
              "fail": true,
              "pending": false,
              "context": null,
              "code": "cy.get('.search-bar').type('Blockchain{enter}');\ncy.get('.pagination').should('be.visible');",
              "err": {
                "message": "AssertionError: Timed out retrying after 4000ms: Expected to find element: `.pagination`, but never found it.",
                "estack": "AssertionError: Timed out retrying after 4000ms: Expected to find element: `.pagination`, but never found it.\n    at Context.eval (webpack:///./cypress/e2e/spec.cy.js:143:24)",
                "diff": null
              },
              "uuid": "214cec75-aa1d-4391-bb3d-2006c08e7bee",
              "parentUUID": "ad9c46aa-e48f-4d53-acbd-2406006f8773",
              "isHook": false,
              "skipped": false
            },
            {
              "title": "confirms that search results can be sorted",
              "fullTitle": "StacksInfo Search Feature Tests confirms that search results can be sorted",
              "timedOut": null,
              "duration": 4512,
              "state": "failed",
              "speed": null,
              "pass": false,
              "fail": true,
              "pending": false,
              "context": null,
              "code": "cy.get('.search-bar').type('Blockchain{enter}');\ncy.get('.sort-option').select('Most Relevant');\ncy.get('.result-item').first().should('contain', 'Most Relevant Result');",
              "err": {
                "message": "AssertionError: Timed out retrying after 4000ms: Expected to find element: `.sort-option`, but never found it.",
                "estack": "AssertionError: Timed out retrying after 4000ms: Expected to find element: `.sort-option`, but never found it.\n    at Context.eval (webpack:///./cypress/e2e/spec.cy.js:148:5)",
                "diff": null
              },
              "uuid": "79b09e60-5a02-4df4-8c8a-af19767675ea",
              "parentUUID": "ad9c46aa-e48f-4d53-acbd-2406006f8773",
              "isHook": false,
              "skipped": false
            },
            {
              "title": "validates that search result links lead to the correct page",
              "fullTitle": "StacksInfo Search Feature Tests validates that search result links lead to the correct page",
              "timedOut": null,
              "duration": 4699,
              "state": "failed",
              "speed": null,
              "pass": false,
              "fail": true,
              "pending": false,
              "context": null,
              "code": "cy.get('.search-bar').type('Blockchain{enter}');\ncy.get('.result-item').first().click();\ncy.url().should('include', '/details');",
              "err": {
                "message": "CypressError: Timed out retrying after 4050ms: `cy.click()` failed because it requires a DOM element or document.\n\nNo elements in the current DOM matched your query:\n\n  > cy.get(.result-item).first()",
                "estack": "CypressError: Timed out retrying after 4050ms: `cy.click()` failed because it requires a DOM element or document.\n\nNo elements in the current DOM matched your query:\n\n  > cy.get(.result-item).first()\n    at isElement (https://stacksinfo.web.app/__cypress/runner/cypress_runner.js:145283:62)\n    at validateType (https://stacksinfo.web.app/__cypress/runner/cypress_runner.js:145141:14)\n    at Object.isType (https://stacksinfo.web.app/__cypress/runner/cypress_runner.js:145172:7)\n    at Array.<anonymous> (https://stacksinfo.web.app/__cypress/runner/cypress_runner.js:135498:24)\n    at $Cy.getSubjectFromChain (https://stacksinfo.web.app/__cypress/runner/cypress_runner.js:138886:34)\n    at _actionability__WEBPACK_IMPORTED_MODULE_6__.default.verify.subjectFn (https://stacksinfo.web.app/__cypress/runner/cypress_runner.js:111657:51)\n    at retryActionability (https://stacksinfo.web.app/__cypress/runner/cypress_runner.js:112359:27)\n    at tryCatcher (https://stacksinfo.web.app/__cypress/runner/cypress_runner.js:1807:23)\n    at Promise.attempt.Promise.try (https://stacksinfo.web.app/__cypress/runner/cypress_runner.js:4315:29)\n    at whenStable (https://stacksinfo.web.app/__cypress/runner/cypress_runner.js:144032:68)\n    at <unknown> (https://stacksinfo.web.app/__cypress/runner/cypress_runner.js:143973:14)\n    at tryCatcher (https://stacksinfo.web.app/__cypress/runner/cypress_runner.js:1807:23)\n    at Promise._settlePromiseFromHandler (https://stacksinfo.web.app/__cypress/runner/cypress_runner.js:1519:31)\n    at Promise._settlePromise (https://stacksinfo.web.app/__cypress/runner/cypress_runner.js:1576:18)\n    at Promise._settlePromise0 (https://stacksinfo.web.app/__cypress/runner/cypress_runner.js:1621:10)\n    at Promise._settlePromises (https://stacksinfo.web.app/__cypress/runner/cypress_runner.js:1701:18)\n    at Promise._fulfill (https://stacksinfo.web.app/__cypress/runner/cypress_runner.js:1645:18)\n    at <unknown> (https://stacksinfo.web.app/__cypress/runner/cypress_runner.js:5450:46)\nFrom Your Spec Code:\n    at Context.eval (webpack:///./cypress/e2e/spec.cy.js:155:33)",
                "diff": null
              },
              "uuid": "63fff14e-635e-4b87-9768-eb4ea24e4abd",
              "parentUUID": "ad9c46aa-e48f-4d53-acbd-2406006f8773",
              "isHook": false,
              "skipped": false
            },
            {
              "title": "checks that images are loaded correctly in search results",
              "fullTitle": "StacksInfo Search Feature Tests checks that images are loaded correctly in search results",
              "timedOut": null,
              "duration": 4525,
              "state": "failed",
              "speed": null,
              "pass": false,
              "fail": true,
              "pending": false,
              "context": null,
              "code": "cy.get('.search-bar').type('Blockchain{enter}');\ncy.get('.result-item img').should('be.visible').and($img => {\n  expect($img[0].naturalWidth).to.be.greaterThan(0);\n});",
              "err": {
                "message": "AssertionError: Timed out retrying after 4000ms: Expected to find element: `.result-item img`, but never found it.",
                "estack": "AssertionError: Timed out retrying after 4000ms: Expected to find element: `.result-item img`, but never found it.\n    at Context.eval (webpack:///./cypress/e2e/spec.cy.js:162:29)",
                "diff": null
              },
              "uuid": "4de7cad5-2948-496b-ba90-da16ee9f8897",
              "parentUUID": "ad9c46aa-e48f-4d53-acbd-2406006f8773",
              "isHook": false,
              "skipped": false
            },
            {
              "title": "inspects dynamic content loading upon search",
              "fullTitle": "StacksInfo Search Feature Tests inspects dynamic content loading upon search",
              "timedOut": null,
              "duration": 4498,
              "state": "failed",
              "speed": null,
              "pass": false,
              "fail": true,
              "pending": false,
              "context": null,
              "code": "cy.get('.search-bar').type('Blockchain{enter}');\ncy.get('.dynamic-content').should('be.visible');",
              "err": {
                "message": "AssertionError: Timed out retrying after 4000ms: Expected to find element: `.dynamic-content`, but never found it.",
                "estack": "AssertionError: Timed out retrying after 4000ms: Expected to find element: `.dynamic-content`, but never found it.\n    at Context.eval (webpack:///./cypress/e2e/spec.cy.js:170:29)",
                "diff": null
              },
              "uuid": "01bb0f0e-1810-41dc-a1f4-3e4b6bc40609",
              "parentUUID": "ad9c46aa-e48f-4d53-acbd-2406006f8773",
              "isHook": false,
              "skipped": false
            },
            {
              "title": "ensures a search triggers the appropriate analytics event",
              "fullTitle": "StacksInfo Search Feature Tests ensures a search triggers the appropriate analytics event",
              "timedOut": null,
              "duration": 645,
              "state": "failed",
              "speed": null,
              "pass": false,
              "fail": true,
              "pending": false,
              "context": null,
              "code": "cy.window().then(win => {\n  cy.spy(win, 'postAnalytics').as('analyticsSpy');\n});\ncy.get('.search-bar').type('Blockchain{enter}');\ncy.get('@analyticsSpy').should('have.been.calledWith', 'search');",
              "err": {
                "message": "TypeError: Attempted to wrap undefined property postAnalytics as function",
                "estack": "TypeError: Attempted to wrap undefined property postAnalytics as function\n    at wrapMethod (https://stacksinfo.web.app/__cypress/runner/cypress_runner.js:54112:21)\n    at Function.spy (https://stacksinfo.web.app/__cypress/runner/cypress_runner.js:53944:16)\n    at Sandbox.spy (https://stacksinfo.web.app/__cypress/runner/cypress_runner.js:44847:35)\n    at Context.spy (https://stacksinfo.web.app/__cypress/runner/cypress_runner.js:117588:28)\n    at cy.<computed> [as spy] (https://stacksinfo.web.app/__cypress/runner/cypress_runner.js:138363:17)\n    at getRet (https://stacksinfo.web.app/__cypress/runner/cypress_runner.js:118329:20)\n    at tryCatcher (https://stacksinfo.web.app/__cypress/runner/cypress_runner.js:1807:23)\n    at Promise.attempt.Promise.try (https://stacksinfo.web.app/__cypress/runner/cypress_runner.js:4315:29)\n    at Context.thenFn (https://stacksinfo.web.app/__cypress/runner/cypress_runner.js:118340:66)\n    at Context.then (https://stacksinfo.web.app/__cypress/runner/cypress_runner.js:118591:21)\n    at wrapped (https://stacksinfo.web.app/__cypress/runner/cypress_runner.js:138387:19)\n    at <unknown> (https://stacksinfo.web.app/__cypress/runner/cypress_runner.js:144301:15)\n    at tryCatcher (https://stacksinfo.web.app/__cypress/runner/cypress_runner.js:1807:23)\n    at Promise._settlePromiseFromHandler (https://stacksinfo.web.app/__cypress/runner/cypress_runner.js:1519:31)\n    at Promise._settlePromise (https://stacksinfo.web.app/__cypress/runner/cypress_runner.js:1576:18)\n    at Promise._settlePromiseCtx (https://stacksinfo.web.app/__cypress/runner/cypress_runner.js:1613:10)\n    at _drainQueueStep (https://stacksinfo.web.app/__cypress/runner/cypress_runner.js:2411:12)\n    at _drainQueue (https://stacksinfo.web.app/__cypress/runner/cypress_runner.js:2400:9)\n    at Async._drainQueues (https://stacksinfo.web.app/__cypress/runner/cypress_runner.js:2416:5)\n    at Async.drainQueues (https://stacksinfo.web.app/__cypress/runner/cypress_runner.js:2286:14)",
                "diff": null
              },
              "uuid": "9c5a4b4a-5ed4-48b7-bce3-f32e4d282470",
              "parentUUID": "ad9c46aa-e48f-4d53-acbd-2406006f8773",
              "isHook": false,
              "skipped": false
            },
            {
              "title": "tests search functionality with filters applied",
              "fullTitle": "StacksInfo Search Feature Tests tests search functionality with filters applied",
              "timedOut": null,
              "duration": 4235,
              "state": "failed",
              "speed": null,
              "pass": false,
              "fail": true,
              "pending": false,
              "context": null,
              "code": "cy.get('.filter-option').check('Open Source');\ncy.get('.search-bar').type('Blockchain{enter}');\ncy.get('.result-item').should('have.length.at.least', 1).and('contain', 'Open Source');",
              "err": {
                "message": "AssertionError: Timed out retrying after 4000ms: Expected to find element: `.filter-option`, but never found it.",
                "estack": "AssertionError: Timed out retrying after 4000ms: Expected to find element: `.filter-option`, but never found it.\n    at Context.eval (webpack:///./cypress/e2e/spec.cy.js:185:5)",
                "diff": null
              },
              "uuid": "182c049b-eb7c-4d02-81e2-6909a078f794",
              "parentUUID": "ad9c46aa-e48f-4d53-acbd-2406006f8773",
              "isHook": false,
              "skipped": false
            },
            {
              "title": "checks auto-suggestions appear while typing in search",
              "fullTitle": "StacksInfo Search Feature Tests checks auto-suggestions appear while typing in search",
              "timedOut": null,
              "duration": 4580,
              "state": "failed",
              "speed": null,
              "pass": false,
              "fail": true,
              "pending": false,
              "context": null,
              "code": "cy.get('.search-bar').type('Blo');\ncy.get('.auto-suggestions').should('be.visible');",
              "err": {
                "message": "AssertionError: Timed out retrying after 4000ms: Expected to find element: `.auto-suggestions`, but never found it.",
                "estack": "AssertionError: Timed out retrying after 4000ms: Expected to find element: `.auto-suggestions`, but never found it.\n    at Context.eval (webpack:///./cypress/e2e/spec.cy.js:193:30)",
                "diff": null
              },
              "uuid": "0d9b5b32-b4d8-46b6-85f7-58c62eef2799",
              "parentUUID": "ad9c46aa-e48f-4d53-acbd-2406006f8773",
              "isHook": false,
              "skipped": false
            },
            {
              "title": "verifies search error handling",
              "fullTitle": "StacksInfo Search Feature Tests verifies search error handling",
              "timedOut": null,
              "duration": 462,
              "state": "failed",
              "speed": null,
              "pass": false,
              "fail": true,
              "pending": false,
              "context": null,
              "code": "cy.intercept('POST', '**/searchAndFilter', {\n  statusCode: 500\n}).as('searchFail');\ncy.get('.search-bar').type('Blockchain{enter}');\ncy.wait('@searchFail');\ncy.get('.search-error').should('be.visible');",
              "err": {
                "message": "SyntaxError: The following error originated from your application code, not from Cypress. It was caused by an unhandled promise rejection.\n\n  > Unexpected end of JSON input\n\nWhen Cypress detects uncaught errors originating from your application it will automatically fail the current test.\n\nThis behavior is configurable, and you can choose to turn this off by listening to the `uncaught:exception` event.\n\nhttps://on.cypress.io/uncaught-exception-from-application",
                "estack": "SyntaxError: The following error originated from your application code, not from Cypress. It was caused by an unhandled promise rejection.\n\n  > Unexpected end of JSON input\n\nWhen Cypress detects uncaught errors originating from your application it will automatically fail the current test.\n\nThis behavior is configurable, and you can choose to turn this off by listening to the `uncaught:exception` event.\n\nhttps://on.cypress.io/uncaught-exception-from-application\n    at <unknown> (https://stacksinfo.web.app/static/js/main.40e07176.js:2:338934)\n    at async (https://stacksinfo.web.app/static/js/main.40e07176.js:2:338875)",
                "diff": null
              },
              "uuid": "226fd7ee-22c4-4ee5-9601-4df15910a863",
              "parentUUID": "ad9c46aa-e48f-4d53-acbd-2406006f8773",
              "isHook": false,
              "skipped": false
            },
            {
              "title": "tests for search input field character limit",
              "fullTitle": "StacksInfo Search Feature Tests tests for search input field character limit",
              "timedOut": null,
              "duration": 8745,
              "state": "failed",
              "speed": null,
              "pass": false,
              "fail": true,
              "pending": false,
              "context": null,
              "code": "const longString = 'B'.repeat(256);\ncy.get('.search-bar').type(longString);\ncy.get('.search-bar').should('have.value', longString.substr(0, 255));",
              "err": {
                "message": "AssertionError: Timed out retrying after 4000ms: expected '<input.search-bar>' to have value 'BBBBBBBBBBBBBBBBBBBBBBBBBBBBBBBBBBBBBBBBBBBBBBBBBBBBBBBBBBBBBBBBBBBBBBBBBBBBBBBBBBBBBBBBBBBBBBBBBBBBBBBBBBBBBBBBBBBBBBBBBBBBBBBBBBBBBBBBBBBBBBBBBBBBBBBBBBBBBBBBBBBBBBBBBBBBBBBBBBBBBBBBBBBBBBBBBBBBBBBBBBBBBBBBBBBBBBBBBBBBBBBBBBBBBBBBBBBBBBBBBBBBBBBBBBBBBBB', but the value was 'BBBBBBBBBBBBBBBBBBBBBBBBBBBBBBBBBBBBBBBBBBBBBBBBBBBBBBBBBBBBBBBBBBBBBBBBBBBBBBBBBBBBBBBBBBBBBBBBBBBBBBBBBBBBBBBBBBBBBBBBBBBBBBBBBBBBBBBBBBBBBBBBBBBBBBBBBBBBBBBBBBBBBBBBBBBBBBBBBBBBBBBBBBBBBBBBBBBBBBBBBBBBBBBBBBBBBBBBBBBBBBBBBBBBBBBBBBBBBBBBBBBBBBBBBBBBBBBB'",
                "estack": "AssertionError: Timed out retrying after 4000ms: expected '<input.search-bar>' to have value 'BBBBBBBBBBBBBBBBBBBBBBBBBBBBBBBBBBBBBBBBBBBBBBBBBBBBBBBBBBBBBBBBBBBBBBBBBBBBBBBBBBBBBBBBBBBBBBBBBBBBBBBBBBBBBBBBBBBBBBBBBBBBBBBBBBBBBBBBBBBBBBBBBBBBBBBBBBBBBBBBBBBBBBBBBBBBBBBBBBBBBBBBBBBBBBBBBBBBBBBBBBBBBBBBBBBBBBBBBBBBBBBBBBBBBBBBBBBBBBBBBBBBBBBBBBBBBBB', but the value was 'BBBBBBBBBBBBBBBBBBBBBBBBBBBBBBBBBBBBBBBBBBBBBBBBBBBBBBBBBBBBBBBBBBBBBBBBBBBBBBBBBBBBBBBBBBBBBBBBBBBBBBBBBBBBBBBBBBBBBBBBBBBBBBBBBBBBBBBBBBBBBBBBBBBBBBBBBBBBBBBBBBBBBBBBBBBBBBBBBBBBBBBBBBBBBBBBBBBBBBBBBBBBBBBBBBBBBBBBBBBBBBBBBBBBBBBBBBBBBBBBBBBBBBBBBBBBBBBB'\n    at Context.eval (webpack:///./cypress/e2e/spec.cy.js:207:24)",
                "diff": "- 'BBBBBBBBBBBBBBBBBBBBBBBBBBBBBBBBBBBBBBBBBBBBBBBBBBBBBBBBBBBBBBBBBBBBBBBBBBBBBBBBBBBBBBBBBBBBBBBBBBBBBBBBBBBBBBBBBBBBBBBBBBBBBBBBBBBBBBBBBBBBBBBBBBBBBBBBBBBBBBBBBBBBBBBBBBBBBBBBBBBBBBBBBBBBBBBBBBBBBBBBBBBBBBBBBBBBBBBBBBBBBBBBBBBBBBBBBBBBBBBBBBBBBBBBBBBBBBBB'\n+ 'BBBBBBBBBBBBBBBBBBBBBBBBBBBBBBBBBBBBBBBBBBBBBBBBBBBBBBBBBBBBBBBBBBBBBBBBBBBBBBBBBBBBBBBBBBBBBBBBBBBBBBBBBBBBBBBBBBBBBBBBBBBBBBBBBBBBBBBBBBBBBBBBBBBBBBBBBBBBBBBBBBBBBBBBBBBBBBBBBBBBBBBBBBBBBBBBBBBBBBBBBBBBBBBBBBBBBBBBBBBBBBBBBBBBBBBBBBBBBBBBBBBBBBBBBBBBBBB'\n"
              },
              "uuid": "d300d4bf-ba50-4c9a-9188-a4214b2545c5",
              "parentUUID": "ad9c46aa-e48f-4d53-acbd-2406006f8773",
              "isHook": false,
              "skipped": false
            },
            {
              "title": "confirms reset of search results when clearing search bar",
              "fullTitle": "StacksInfo Search Feature Tests confirms reset of search results when clearing search bar",
              "timedOut": null,
              "duration": 5002,
              "state": "failed",
              "speed": null,
              "pass": false,
              "fail": true,
              "pending": false,
              "context": null,
              "code": "cy.get('.search-bar').type('Blockchain{enter}');\ncy.get('.search-clear').click();\ncy.get('.result-item').should('not.exist');",
              "err": {
                "message": "AssertionError: Timed out retrying after 4000ms: Expected to find element: `.search-clear`, but never found it.",
                "estack": "AssertionError: Timed out retrying after 4000ms: Expected to find element: `.search-clear`, but never found it.\n    at Context.eval (webpack:///./cypress/e2e/spec.cy.js:212:5)",
                "diff": null
              },
              "uuid": "2934f842-487f-42d6-9343-c130cb8de412",
              "parentUUID": "ad9c46aa-e48f-4d53-acbd-2406006f8773",
              "isHook": false,
              "skipped": false
            },
            {
              "title": "performs a search with special characters",
              "fullTitle": "StacksInfo Search Feature Tests performs a search with special characters",
              "timedOut": null,
              "duration": 813,
              "state": "passed",
              "speed": "fast",
              "pass": true,
              "fail": false,
              "pending": false,
              "context": null,
              "code": "cy.get('.search-bar').type('Blockchain!@#$%^&*()_+{enter}');\ncy.get('.result-item').should('have.length.at.least', 1);",
              "err": {},
              "uuid": "06a7b418-77a9-4871-9ec8-8ad80d76b7c9",
              "parentUUID": "ad9c46aa-e48f-4d53-acbd-2406006f8773",
              "isHook": false,
              "skipped": false
            },
            {
              "title": "ensures wildcard searches return correct responses",
              "fullTitle": "StacksInfo Search Feature Tests ensures wildcard searches return correct responses",
              "timedOut": null,
              "duration": 1179,
              "state": "passed",
              "speed": "fast",
              "pass": true,
              "fail": false,
              "pending": false,
              "context": null,
              "code": "cy.get('.search-bar').type('*{enter}');\ncy.get('.result-item').should('have.length.at.least', 1);",
              "err": {},
              "uuid": "f1e29e6f-7b9b-4bb5-b7ea-367f788f9f0b",
              "parentUUID": "ad9c46aa-e48f-4d53-acbd-2406006f8773",
              "isHook": false,
              "skipped": false
            },
            {
              "title": "validates API response on search",
              "fullTitle": "StacksInfo Search Feature Tests validates API response on search",
              "timedOut": null,
              "duration": 785,
              "state": "passed",
              "speed": "fast",
              "pass": true,
              "fail": false,
              "pending": false,
              "context": null,
              "code": "// Intercept the API call\ncy.intercept('POST', '**/searchAndFilter').as('searchAPI');\n// Perform the search\ncy.get('.search-bar').type('Blockchain{enter}');\n// Wait for the API call to complete and check the status code\ncy.wait('@searchAPI').its('response.statusCode').should('eq', 200);\n// Additional checks for response body could also be performed",
              "err": {},
              "uuid": "fea56084-a730-4a9b-bcf7-d188f4b1127c",
              "parentUUID": "ad9c46aa-e48f-4d53-acbd-2406006f8773",
              "isHook": false,
              "skipped": false
            },
            {
              "title": "checks for elements that are not visible to users",
              "fullTitle": "StacksInfo Search Feature Tests checks for elements that are not visible to users",
              "timedOut": null,
              "duration": 4345,
              "state": "failed",
              "speed": null,
              "pass": false,
              "fail": true,
              "pending": false,
              "context": null,
              "code": "// Some elements might be off-screen but present in the DOM\ncy.get('.off-screen-element').should('exist');",
              "err": {
                "message": "AssertionError: Timed out retrying after 4000ms: Expected to find element: `.off-screen-element`, but never found it.",
                "estack": "AssertionError: Timed out retrying after 4000ms: Expected to find element: `.off-screen-element`, but never found it.\n    at Context.eval (webpack:///./cypress/e2e/spec.cy.js:247:34)",
                "diff": null
              },
              "uuid": "66cf3599-927f-4bce-b968-618377bce679",
              "parentUUID": "ad9c46aa-e48f-4d53-acbd-2406006f8773",
              "isHook": false,
              "skipped": false
            },
            {
              "title": "should not execute SQL code",
              "fullTitle": "StacksInfo Search Feature Tests should not execute SQL code",
              "timedOut": null,
              "duration": 676,
              "state": "passed",
              "speed": "fast",
              "pass": true,
              "fail": false,
              "pending": false,
              "context": null,
              "code": "cy.get('.search-bar').type('SELECT * FROM users;{enter}');\n// Assertions for SQL injection test go here",
              "err": {},
              "uuid": "379a379f-2b61-45bf-b07f-d08303877979",
              "parentUUID": "ad9c46aa-e48f-4d53-acbd-2406006f8773",
              "isHook": false,
              "skipped": false
            },
            {
              "title": "should not execute JavaScript code",
              "fullTitle": "StacksInfo Search Feature Tests should not execute JavaScript code",
              "timedOut": null,
              "duration": 662,
              "state": "passed",
              "speed": "fast",
              "pass": true,
              "fail": false,
              "pending": false,
              "context": null,
              "code": "cy.get('.search-bar').type('<script>alert(\"XSS\")</script>{enter}');\n// Assertions for XSS test go here",
              "err": {},
              "uuid": "3dad72d2-ab26-4177-9479-c3fba28e6249",
              "parentUUID": "ad9c46aa-e48f-4d53-acbd-2406006f8773",
              "isHook": false,
              "skipped": false
            },
            {
              "title": "should not display or execute HTML tags",
              "fullTitle": "StacksInfo Search Feature Tests should not display or execute HTML tags",
              "timedOut": null,
              "duration": 599,
              "state": "passed",
              "speed": "fast",
              "pass": true,
              "fail": false,
              "pending": false,
              "context": null,
              "code": "cy.get('.search-bar').type('<h1>Test</h1>{enter}');\n// Assertions for HTML tags test go here",
              "err": {},
              "uuid": "87a6a12d-500e-4b3c-9bad-b6d7c488f6ab",
              "parentUUID": "ad9c46aa-e48f-4d53-acbd-2406006f8773",
              "isHook": false,
              "skipped": false
            }
          ],
          "suites": [],
          "passes": [
            "7cf87e55-7932-4a49-8c09-9be5fc4420b8",
            "06a7b418-77a9-4871-9ec8-8ad80d76b7c9",
            "f1e29e6f-7b9b-4bb5-b7ea-367f788f9f0b",
            "fea56084-a730-4a9b-bcf7-d188f4b1127c",
            "379a379f-2b61-45bf-b07f-d08303877979",
            "3dad72d2-ab26-4177-9479-c3fba28e6249",
            "87a6a12d-500e-4b3c-9bad-b6d7c488f6ab"
          ],
          "failures": [
            "4483962d-c98b-4581-a8b0-70b7228970f5",
            "214cec75-aa1d-4391-bb3d-2006c08e7bee",
            "79b09e60-5a02-4df4-8c8a-af19767675ea",
            "63fff14e-635e-4b87-9768-eb4ea24e4abd",
            "4de7cad5-2948-496b-ba90-da16ee9f8897",
            "01bb0f0e-1810-41dc-a1f4-3e4b6bc40609",
            "9c5a4b4a-5ed4-48b7-bce3-f32e4d282470",
            "182c049b-eb7c-4d02-81e2-6909a078f794",
            "0d9b5b32-b4d8-46b6-85f7-58c62eef2799",
            "226fd7ee-22c4-4ee5-9601-4df15910a863",
            "d300d4bf-ba50-4c9a-9188-a4214b2545c5",
            "2934f842-487f-42d6-9343-c130cb8de412",
            "66cf3599-927f-4bce-b968-618377bce679"
          ],
          "pending": [],
          "skipped": [],
          "duration": 61824,
          "root": false,
          "rootEmpty": false,
          "_timeout": 2000
        }
      ],
      "passes": [],
      "failures": [],
      "pending": [],
      "skipped": [],
      "duration": 0,
      "root": true,
      "rootEmpty": true,
      "_timeout": 2000
    }
  ],
  "meta": {
    "mocha": {
      "version": "7.0.1"
    },
    "mochawesome": {
      "options": {
        "quiet": false,
        "reportFilename": "mochawesome",
        "saveHtml": true,
        "saveJson": true,
        "consoleReporter": "spec",
        "useInlineDiffs": false,
        "code": true
      },
      "version": "7.1.3"
    },
    "marge": {
      "options": {
        "reportDir": "cypress/results",
        "overwrite": false
      },
      "version": "6.2.0"
    }
  }
}